c:\users\owner\documents\visual studio 2013\projects\srudentapplication\srudentapplication\debug\vc120.pdb
c:\users\owner\documents\visual studio 2013\projects\srudentapplication\srudentapplication\debug\vc120.idb
c:\users\owner\documents\visual studio 2013\projects\srudentapplication\srudentapplication\debug\courses.obj
c:\users\owner\documents\visual studio 2013\projects\srudentapplication\srudentapplication\debug\mainstudentapplication.obj
c:\users\owner\documents\visual studio 2013\projects\srudentapplication\srudentapplication\debug\persondetails.obj
c:\users\owner\documents\visual studio 2013\projects\srudentapplication\srudentapplication\debug\students.obj
c:\users\owner\documents\visual studio 2013\projects\srudentapplication\srudentapplication\debug\undergraduatestudents.obj
c:\users\owner\documents\visual studio 2013\projects\srudentapplication\debug\studentapplication.pdb
c:\users\owner\documents\visual studio 2013\projects\srudentapplication\srudentapplication\debug\studenta.4c1714de.tlog\cl.command.1.tlog
c:\users\owner\documents\visual studio 2013\projects\srudentapplication\srudentapplication\debug\studenta.4c1714de.tlog\cl.read.1.tlog
c:\users\owner\documents\visual studio 2013\projects\srudentapplication\srudentapplication\debug\studenta.4c1714de.tlog\cl.write.1.tlog
c:\users\owner\documents\visual studio 2013\projects\srudentapplication\srudentapplication\debug\studenta.4c1714de.tlog\link.1792-cvtres.read.1.tlog
c:\users\owner\documents\visual studio 2013\projects\srudentapplication\srudentapplication\debug\studenta.4c1714de.tlog\link.1792-cvtres.write.1.tlog
c:\users\owner\documents\visual studio 2013\projects\srudentapplication\srudentapplication\debug\studenta.4c1714de.tlog\link.1792-rc.read.1.tlog
c:\users\owner\documents\visual studio 2013\projects\srudentapplication\srudentapplication\debug\studenta.4c1714de.tlog\link.1792-rc.write.1.tlog
c:\users\owner\documents\visual studio 2013\projects\srudentapplication\srudentapplication\debug\studenta.4c1714de.tlog\link.1792.read.1.tlog
c:\users\owner\documents\visual studio 2013\projects\srudentapplication\srudentapplication\debug\studenta.4c1714de.tlog\link.1792.write.1.tlog
c:\users\owner\documents\visual studio 2013\projects\srudentapplication\srudentapplication\debug\studenta.4c1714de.tlog\link.command.1.tlog
c:\users\owner\documents\visual studio 2013\projects\srudentapplication\srudentapplication\debug\studenta.4c1714de.tlog\link.read.1.tlog
c:\users\owner\documents\visual studio 2013\projects\srudentapplication\srudentapplication\debug\studenta.4c1714de.tlog\link.write.1.tlog
